<?xml version="1.0" encoding="UTF-8"?>
<testsuite xmlns:xsi="http://www.w3.org/2001/XMLSchema-instance" xsi:noNamespaceSchemaLocation="https://maven.apache.org/surefire/maven-surefire-plugin/xsd/surefire-test-report-3.0.xsd" version="3.0" name="TestSuite" time="262.762" tests="33" errors="0" skipped="0" failures="3">
  <properties>
    <property name="sun.desktop" value="windows"/>
    <property name="awt.toolkit" value="sun.awt.windows.WToolkit"/>
    <property name="java.specification.version" value="11"/>
    <property name="webdriver.chrome.driver" value="C:\Users\mrharnati\.m2\repository\webdriver\chromedriver\win32\101.0.4951.41\chromedriver.exe"/>
    <property name="sun.cpu.isalist" value="amd64"/>
    <property name="sun.jnu.encoding" value="Cp1252"/>
    <property name="sun.awt.enableExtraMouseButtons" value="true"/>
    <property name="java.class.path" value="C:\Users\mrharnati\Desktop\AUTOMATION_WORKSPACE\TestFrontApp\target\test-classes;C:\Users\mrharnati\Desktop\AUTOMATION_WORKSPACE\TestFrontApp\target\classes;C:\Users\mrharnati\.m2\repository\org\seleniumhq\selenium\selenium-java\3.141.59\selenium-java-3.141.59.jar;C:\Users\mrharnati\.m2\repository\org\seleniumhq\selenium\selenium-api\3.141.59\selenium-api-3.141.59.jar;C:\Users\mrharnati\.m2\repository\org\seleniumhq\selenium\selenium-chrome-driver\3.141.59\selenium-chrome-driver-3.141.59.jar;C:\Users\mrharnati\.m2\repository\org\seleniumhq\selenium\selenium-edge-driver\3.141.59\selenium-edge-driver-3.141.59.jar;C:\Users\mrharnati\.m2\repository\org\seleniumhq\selenium\selenium-firefox-driver\3.141.59\selenium-firefox-driver-3.141.59.jar;C:\Users\mrharnati\.m2\repository\org\seleniumhq\selenium\selenium-ie-driver\3.141.59\selenium-ie-driver-3.141.59.jar;C:\Users\mrharnati\.m2\repository\org\seleniumhq\selenium\selenium-opera-driver\3.141.59\selenium-opera-driver-3.141.59.jar;C:\Users\mrharnati\.m2\repository\org\seleniumhq\selenium\selenium-remote-driver\3.141.59\selenium-remote-driver-3.141.59.jar;C:\Users\mrharnati\.m2\repository\org\seleniumhq\selenium\selenium-safari-driver\3.141.59\selenium-safari-driver-3.141.59.jar;C:\Users\mrharnati\.m2\repository\org\seleniumhq\selenium\selenium-support\3.141.59\selenium-support-3.141.59.jar;C:\Users\mrharnati\.m2\repository\net\bytebuddy\byte-buddy\1.8.15\byte-buddy-1.8.15.jar;C:\Users\mrharnati\.m2\repository\org\apache\commons\commons-exec\1.3\commons-exec-1.3.jar;C:\Users\mrharnati\.m2\repository\com\google\guava\guava\25.0-jre\guava-25.0-jre.jar;C:\Users\mrharnati\.m2\repository\org\checkerframework\checker-compat-qual\2.0.0\checker-compat-qual-2.0.0.jar;C:\Users\mrharnati\.m2\repository\com\google\errorprone\error_prone_annotations\2.1.3\error_prone_annotations-2.1.3.jar;C:\Users\mrharnati\.m2\repository\com\google\j2objc\j2objc-annotations\1.1\j2objc-annotations-1.1.jar;C:\Users\mrharnati\.m2\repository\org\codehaus\mojo\animal-sniffer-annotations\1.14\animal-sniffer-annotations-1.14.jar;C:\Users\mrharnati\.m2\repository\com\squareup\okhttp3\okhttp\3.11.0\okhttp-3.11.0.jar;C:\Users\mrharnati\.m2\repository\com\squareup\okio\okio\1.14.0\okio-1.14.0.jar;C:\Users\mrharnati\.m2\repository\org\apache\maven\plugins\maven-release-plugin\3.0.0-M5\maven-release-plugin-3.0.0-M5.jar;C:\Users\mrharnati\.m2\repository\org\apache\maven\maven-plugin-api\3.0\maven-plugin-api-3.0.jar;C:\Users\mrharnati\.m2\repository\org\apache\maven\maven-artifact\3.0\maven-artifact-3.0.jar;C:\Users\mrharnati\.m2\repository\org\sonatype\sisu\sisu-inject-plexus\1.4.2\sisu-inject-plexus-1.4.2.jar;C:\Users\mrharnati\.m2\repository\org\sonatype\sisu\sisu-inject-bean\1.4.2\sisu-inject-bean-1.4.2.jar;C:\Users\mrharnati\.m2\repository\org\sonatype\sisu\sisu-guice\2.1.7\sisu-guice-2.1.7-noaop.jar;C:\Users\mrharnati\.m2\repository\org\apache\maven\release\maven-release-manager\3.0.0-M5\maven-release-manager-3.0.0-M5.jar;C:\Users\mrharnati\.m2\repository\org\apache\maven\release\maven-release-api\3.0.0-M5\maven-release-api-3.0.0-M5.jar;C:\Users\mrharnati\.m2\repository\org\codehaus\plexus\plexus-interactivity-api\1.0-alpha-6\plexus-interactivity-api-1.0-alpha-6.jar;C:\Users\mrharnati\.m2\repository\org\codehaus\plexus\plexus-interpolation\1.17\plexus-interpolation-1.17.jar;C:\Users\mrharnati\.m2\repository\org\sonatype\plexus\plexus-sec-dispatcher\1.3\plexus-sec-dispatcher-1.3.jar;C:\Users\mrharnati\.m2\repository\org\sonatype\plexus\plexus-cipher\1.7\plexus-cipher-1.7.jar;C:\Users\mrharnati\.m2\repository\org\apache\maven\shared\maven-invoker\2.2\maven-invoker-2.2.jar;C:\Users\mrharnati\.m2\repository\commons-cli\commons-cli\1.2\commons-cli-1.2.jar;C:\Users\mrharnati\.m2\repository\org\apache\maven\scm\maven-scm-provider-gitexe\1.12.2\maven-scm-provider-gitexe-1.12.2.jar;C:\Users\mrharnati\.m2\repository\commons-lang\commons-lang\2.6\commons-lang-2.6.jar;C:\Users\mrharnati\.m2\repository\org\apache\maven\scm\maven-scm-provider-git-commons\1.12.2\maven-scm-provider-git-commons-1.12.2.jar;C:\Users\mrharnati\.m2\repository\org\apache\maven\scm\maven-scm-provider-jgit\1.12.2\maven-scm-provider-jgit-1.12.2.jar;C:\Users\mrharnati\.m2\repository\org\eclipse\jgit\org.eclipse.jgit\4.5.4.201711221230-r\org.eclipse.jgit-4.5.4.201711221230-r.jar;C:\Users\mrharnati\.m2\repository\com\jcraft\jsch\0.1.53\jsch-0.1.53.jar;C:\Users\mrharnati\.m2\repository\com\googlecode\javaewah\JavaEWAH\0.7.9\JavaEWAH-0.7.9.jar;C:\Users\mrharnati\.m2\repository\org\apache\maven\scm\maven-scm-provider-hg\1.12.2\maven-scm-provider-hg-1.12.2.jar;C:\Users\mrharnati\.m2\repository\org\apache\maven\scm\maven-scm-provider-svnexe\1.12.2\maven-scm-provider-svnexe-1.12.2.jar;C:\Users\mrharnati\.m2\repository\org\apache\maven\scm\maven-scm-manager-plexus\1.12.2\maven-scm-manager-plexus-1.12.2.jar;C:\Users\mrharnati\.m2\repository\org\codehaus\plexus\plexus-container-default\1.0-alpha-9\plexus-container-default-1.0-alpha-9.jar;C:\Users\mrharnati\.m2\repository\junit\junit\3.8.1\junit-3.8.1.jar;C:\Users\mrharnati\.m2\repository\classworlds\classworlds\1.1-alpha-2\classworlds-1.1-alpha-2.jar;C:\Users\mrharnati\.m2\repository\org\apache\maven\scm\maven-scm-provider-svn-commons\1.12.2\maven-scm-provider-svn-commons-1.12.2.jar;C:\Users\mrharnati\.m2\repository\org\apache\maven\shared\maven-artifact-transfer\0.13.1\maven-artifact-transfer-0.13.1.jar;C:\Users\mrharnati\.m2\repository\org\apache\maven\maven-model\3.0\maven-model-3.0.jar;C:\Users\mrharnati\.m2\repository\org\apache\maven\maven-core\3.0\maven-core-3.0.jar;C:\Users\mrharnati\.m2\repository\org\apache\maven\maven-settings-builder\3.0\maven-settings-builder-3.0.jar;C:\Users\mrharnati\.m2\repository\org\apache\maven\maven-repository-metadata\3.0\maven-repository-metadata-3.0.jar;C:\Users\mrharnati\.m2\repository\org\apache\maven\maven-model-builder\3.0\maven-model-builder-3.0.jar;C:\Users\mrharnati\.m2\repository\org\apache\maven\maven-aether-provider\3.0\maven-aether-provider-3.0.jar;C:\Users\mrharnati\.m2\repository\org\sonatype\aether\aether-impl\1.7\aether-impl-1.7.jar;C:\Users\mrharnati\.m2\repository\org\sonatype\aether\aether-spi\1.7\aether-spi-1.7.jar;C:\Users\mrharnati\.m2\repository\org\sonatype\aether\aether-api\1.7\aether-api-1.7.jar;C:\Users\mrharnati\.m2\repository\org\sonatype\aether\aether-util\1.7\aether-util-1.7.jar;C:\Users\mrharnati\.m2\repository\org\codehaus\plexus\plexus-classworlds\2.2.3\plexus-classworlds-2.2.3.jar;C:\Users\mrharnati\.m2\repository\org\codehaus\plexus\plexus-component-annotations\1.5.5\plexus-component-annotations-1.5.5.jar;C:\Users\mrharnati\.m2\repository\org\apache\maven\maven-settings\3.0\maven-settings-3.0.jar;C:\Users\mrharnati\.m2\repository\org\apache\maven\scm\maven-scm-api\1.12.2\maven-scm-api-1.12.2.jar;C:\Users\mrharnati\.m2\repository\org\codehaus\plexus\plexus-utils\3.4.1\plexus-utils-3.4.1.jar;C:\Users\mrharnati\.m2\repository\org\jdom\jdom2\2.0.6\jdom2-2.0.6.jar;C:\Users\mrharnati\.m2\repository\org\apache\maven\plugins\maven-surefire-plugin\3.0.0-M6\maven-surefire-plugin-3.0.0-M6.jar;C:\Users\mrharnati\.m2\repository\org\apache\maven\surefire\maven-surefire-common\3.0.0-M6\maven-surefire-common-3.0.0-M6.jar;C:\Users\mrharnati\.m2\repository\org\apache\maven\surefire\surefire-api\3.0.0-M6\surefire-api-3.0.0-M6.jar;C:\Users\mrharnati\.m2\repository\org\apache\maven\surefire\surefire-logger-api\3.0.0-M6\surefire-logger-api-3.0.0-M6.jar;C:\Users\mrharnati\.m2\repository\org\apache\maven\surefire\surefire-extensions-api\3.0.0-M6\surefire-extensions-api-3.0.0-M6.jar;C:\Users\mrharnati\.m2\repository\org\apache\maven\surefire\surefire-booter\3.0.0-M6\surefire-booter-3.0.0-M6.jar;C:\Users\mrharnati\.m2\repository\org\apache\maven\surefire\surefire-extensions-spi\3.0.0-M6\surefire-extensions-spi-3.0.0-M6.jar;C:\Users\mrharnati\.m2\repository\org\apache\maven\shared\maven-common-artifact-filters\3.1.1\maven-common-artifact-filters-3.1.1.jar;C:\Users\mrharnati\.m2\repository\org\codehaus\plexus\plexus-java\1.1.1\plexus-java-1.1.1.jar;C:\Users\mrharnati\.m2\repository\org\ow2\asm\asm\9.2\asm-9.2.jar;C:\Users\mrharnati\.m2\repository\com\thoughtworks\qdox\qdox\2.0.1\qdox-2.0.1.jar;C:\Users\mrharnati\.m2\repository\org\apache\maven\surefire\surefire-shared-utils\3.0.0-M6\surefire-shared-utils-3.0.0-M6.jar;C:\Users\mrharnati\.m2\repository\org\testng\testng\7.5\testng-7.5.jar;C:\Users\mrharnati\.m2\repository\com\google\code\findbugs\jsr305\3.0.1\jsr305-3.0.1.jar;C:\Users\mrharnati\.m2\repository\org\slf4j\slf4j-api\1.7.32\slf4j-api-1.7.32.jar;C:\Users\mrharnati\.m2\repository\com\beust\jcommander\1.78\jcommander-1.78.jar;C:\Users\mrharnati\.m2\repository\org\webjars\jquery\3.5.1\jquery-3.5.1.jar;C:\Users\mrharnati\.m2\repository\org\apache\poi\poi\4.1.2\poi-4.1.2.jar;C:\Users\mrharnati\.m2\repository\commons-codec\commons-codec\1.13\commons-codec-1.13.jar;C:\Users\mrharnati\.m2\repository\org\apache\commons\commons-collections4\4.4\commons-collections4-4.4.jar;C:\Users\mrharnati\.m2\repository\org\apache\commons\commons-math3\3.6.1\commons-math3-3.6.1.jar;C:\Users\mrharnati\.m2\repository\com\zaxxer\SparseBitSet\1.2\SparseBitSet-1.2.jar;C:\Users\mrharnati\.m2\repository\org\apache\poi\poi-ooxml\4.1.2\poi-ooxml-4.1.2.jar;C:\Users\mrharnati\.m2\repository\org\apache\poi\poi-ooxml-schemas\4.1.2\poi-ooxml-schemas-4.1.2.jar;C:\Users\mrharnati\.m2\repository\org\apache\xmlbeans\xmlbeans\3.1.0\xmlbeans-3.1.0.jar;C:\Users\mrharnati\.m2\repository\org\apache\commons\commons-compress\1.19\commons-compress-1.19.jar;C:\Users\mrharnati\.m2\repository\com\github\virtuald\curvesapi\1.06\curvesapi-1.06.jar;C:\Users\mrharnati\.m2\repository\com\aventstack\extentreports\4.0.9\extentreports-4.0.9.jar;C:\Users\mrharnati\.m2\repository\org\freemarker\freemarker\2.3.23\freemarker-2.3.23.jar;C:\Users\mrharnati\.m2\repository\org\mongodb\mongodb-driver\3.3.0\mongodb-driver-3.3.0.jar;C:\Users\mrharnati\.m2\repository\org\mongodb\mongodb-driver-core\3.3.0\mongodb-driver-core-3.3.0.jar;C:\Users\mrharnati\.m2\repository\org\mongodb\bson\3.3.0\bson-3.3.0.jar;C:\Users\mrharnati\.m2\repository\org\apache\httpcomponents\httpclient\4.5.2\httpclient-4.5.2.jar;C:\Users\mrharnati\.m2\repository\org\apache\httpcomponents\httpcore\4.4.4\httpcore-4.4.4.jar;C:\Users\mrharnati\.m2\repository\commons-logging\commons-logging\1.2\commons-logging-1.2.jar;C:\Users\mrharnati\.m2\repository\org\apache\httpcomponents\httpmime\4.5.2\httpmime-4.5.2.jar;C:\Users\mrharnati\.m2\repository\com\google\code\gson\gson\2.8.5\gson-2.8.5.jar;C:\Users\mrharnati\.m2\repository\commons-io\commons-io\2.6\commons-io-2.6.jar;C:\Users\mrharnati\.m2\repository\log4j\log4j\1.2.17\log4j-1.2.17.jar;C:\Users\mrharnati\.m2\repository\com\github\javafaker\javafaker\0.15\javafaker-0.15.jar;C:\Users\mrharnati\.m2\repository\org\apache\commons\commons-lang3\3.5\commons-lang3-3.5.jar;C:\Users\mrharnati\.m2\repository\org\yaml\snakeyaml\1.20\snakeyaml-1.20-android.jar;C:\Users\mrharnati\.m2\repository\com\github\mifmif\generex\1.0.2\generex-1.0.2.jar;C:\Users\mrharnati\.m2\repository\dk\brics\automaton\automaton\1.11-8\automaton-1.11-8.jar;C:\Users\mrharnati\.m2\repository\com\github\stephenc\monte\monte-screen-recorder\0.7.7.0\monte-screen-recorder-0.7.7.0.jar;C:\Users\mrharnati\.m2\repository\org\decimal4j\decimal4j\1.0.3\decimal4j-1.0.3.jar;C:\Users\mrharnati\.m2\repository\io\github\bonigarcia\webdrivermanager\4.0.0\webdrivermanager-4.0.0.jar;C:\Users\mrharnati\.m2\repository\org\apache\httpcomponents\client5\httpclient5\5.0\httpclient5-5.0.jar;C:\Users\mrharnati\.m2\repository\org\apache\httpcomponents\core5\httpcore5\5.0\httpcore5-5.0.jar;C:\Users\mrharnati\.m2\repository\org\apache\httpcomponents\core5\httpcore5-h2\5.0\httpcore5-h2-5.0.jar;C:\Users\mrharnati\.m2\repository\org\rauschig\jarchivelib\1.0.0\jarchivelib-1.0.0.jar;C:\Users\mrharnati\.m2\repository\org\jsoup\jsoup\1.13.1\jsoup-1.13.1.jar;"/>
    <property name="java.vm.vendor" value="Oracle Corporation"/>
    <property name="sun.arch.data.model" value="64"/>
    <property name="user.variant" value=""/>
    <property name="java.vendor.url" value="https://openjdk.java.net/"/>
    <property name="user.timezone" value="Africa/Casablanca"/>
    <property name="java.vm.specification.version" value="11"/>
    <property name="os.name" value="Windows 10"/>
    <property name="sun.java.launcher" value="SUN_STANDARD"/>
    <property name="user.country" value="FR"/>
    <property name="sun.boot.library.path" value="C:\tools\jdk-11.0.13\bin"/>
    <property name="sun.java.command" value="C:\Users\mrharnati\AppData\Local\Temp\surefire18311664588896775751\surefirebooter15569725423137831573.jar C:\Users\mrharnati\AppData\Local\Temp\surefire18311664588896775751 2022-05-13T15-26-51_400-jvmRun1 surefire828661572205040363tmp surefire_01843450780050389504tmp"/>
    <property name="jdk.debug" value="release"/>
    <property name="surefire.test.class.path" value="C:\Users\mrharnati\Desktop\AUTOMATION_WORKSPACE\TestFrontApp\target\test-classes;C:\Users\mrharnati\Desktop\AUTOMATION_WORKSPACE\TestFrontApp\target\classes;C:\Users\mrharnati\.m2\repository\org\seleniumhq\selenium\selenium-java\3.141.59\selenium-java-3.141.59.jar;C:\Users\mrharnati\.m2\repository\org\seleniumhq\selenium\selenium-api\3.141.59\selenium-api-3.141.59.jar;C:\Users\mrharnati\.m2\repository\org\seleniumhq\selenium\selenium-chrome-driver\3.141.59\selenium-chrome-driver-3.141.59.jar;C:\Users\mrharnati\.m2\repository\org\seleniumhq\selenium\selenium-edge-driver\3.141.59\selenium-edge-driver-3.141.59.jar;C:\Users\mrharnati\.m2\repository\org\seleniumhq\selenium\selenium-firefox-driver\3.141.59\selenium-firefox-driver-3.141.59.jar;C:\Users\mrharnati\.m2\repository\org\seleniumhq\selenium\selenium-ie-driver\3.141.59\selenium-ie-driver-3.141.59.jar;C:\Users\mrharnati\.m2\repository\org\seleniumhq\selenium\selenium-opera-driver\3.141.59\selenium-opera-driver-3.141.59.jar;C:\Users\mrharnati\.m2\repository\org\seleniumhq\selenium\selenium-remote-driver\3.141.59\selenium-remote-driver-3.141.59.jar;C:\Users\mrharnati\.m2\repository\org\seleniumhq\selenium\selenium-safari-driver\3.141.59\selenium-safari-driver-3.141.59.jar;C:\Users\mrharnati\.m2\repository\org\seleniumhq\selenium\selenium-support\3.141.59\selenium-support-3.141.59.jar;C:\Users\mrharnati\.m2\repository\net\bytebuddy\byte-buddy\1.8.15\byte-buddy-1.8.15.jar;C:\Users\mrharnati\.m2\repository\org\apache\commons\commons-exec\1.3\commons-exec-1.3.jar;C:\Users\mrharnati\.m2\repository\com\google\guava\guava\25.0-jre\guava-25.0-jre.jar;C:\Users\mrharnati\.m2\repository\org\checkerframework\checker-compat-qual\2.0.0\checker-compat-qual-2.0.0.jar;C:\Users\mrharnati\.m2\repository\com\google\errorprone\error_prone_annotations\2.1.3\error_prone_annotations-2.1.3.jar;C:\Users\mrharnati\.m2\repository\com\google\j2objc\j2objc-annotations\1.1\j2objc-annotations-1.1.jar;C:\Users\mrharnati\.m2\repository\org\codehaus\mojo\animal-sniffer-annotations\1.14\animal-sniffer-annotations-1.14.jar;C:\Users\mrharnati\.m2\repository\com\squareup\okhttp3\okhttp\3.11.0\okhttp-3.11.0.jar;C:\Users\mrharnati\.m2\repository\com\squareup\okio\okio\1.14.0\okio-1.14.0.jar;C:\Users\mrharnati\.m2\repository\org\apache\maven\plugins\maven-release-plugin\3.0.0-M5\maven-release-plugin-3.0.0-M5.jar;C:\Users\mrharnati\.m2\repository\org\apache\maven\maven-plugin-api\3.0\maven-plugin-api-3.0.jar;C:\Users\mrharnati\.m2\repository\org\apache\maven\maven-artifact\3.0\maven-artifact-3.0.jar;C:\Users\mrharnati\.m2\repository\org\sonatype\sisu\sisu-inject-plexus\1.4.2\sisu-inject-plexus-1.4.2.jar;C:\Users\mrharnati\.m2\repository\org\sonatype\sisu\sisu-inject-bean\1.4.2\sisu-inject-bean-1.4.2.jar;C:\Users\mrharnati\.m2\repository\org\sonatype\sisu\sisu-guice\2.1.7\sisu-guice-2.1.7-noaop.jar;C:\Users\mrharnati\.m2\repository\org\apache\maven\release\maven-release-manager\3.0.0-M5\maven-release-manager-3.0.0-M5.jar;C:\Users\mrharnati\.m2\repository\org\apache\maven\release\maven-release-api\3.0.0-M5\maven-release-api-3.0.0-M5.jar;C:\Users\mrharnati\.m2\repository\org\codehaus\plexus\plexus-interactivity-api\1.0-alpha-6\plexus-interactivity-api-1.0-alpha-6.jar;C:\Users\mrharnati\.m2\repository\org\codehaus\plexus\plexus-interpolation\1.17\plexus-interpolation-1.17.jar;C:\Users\mrharnati\.m2\repository\org\sonatype\plexus\plexus-sec-dispatcher\1.3\plexus-sec-dispatcher-1.3.jar;C:\Users\mrharnati\.m2\repository\org\sonatype\plexus\plexus-cipher\1.7\plexus-cipher-1.7.jar;C:\Users\mrharnati\.m2\repository\org\apache\maven\shared\maven-invoker\2.2\maven-invoker-2.2.jar;C:\Users\mrharnati\.m2\repository\commons-cli\commons-cli\1.2\commons-cli-1.2.jar;C:\Users\mrharnati\.m2\repository\org\apache\maven\scm\maven-scm-provider-gitexe\1.12.2\maven-scm-provider-gitexe-1.12.2.jar;C:\Users\mrharnati\.m2\repository\commons-lang\commons-lang\2.6\commons-lang-2.6.jar;C:\Users\mrharnati\.m2\repository\org\apache\maven\scm\maven-scm-provider-git-commons\1.12.2\maven-scm-provider-git-commons-1.12.2.jar;C:\Users\mrharnati\.m2\repository\org\apache\maven\scm\maven-scm-provider-jgit\1.12.2\maven-scm-provider-jgit-1.12.2.jar;C:\Users\mrharnati\.m2\repository\org\eclipse\jgit\org.eclipse.jgit\4.5.4.201711221230-r\org.eclipse.jgit-4.5.4.201711221230-r.jar;C:\Users\mrharnati\.m2\repository\com\jcraft\jsch\0.1.53\jsch-0.1.53.jar;C:\Users\mrharnati\.m2\repository\com\googlecode\javaewah\JavaEWAH\0.7.9\JavaEWAH-0.7.9.jar;C:\Users\mrharnati\.m2\repository\org\apache\maven\scm\maven-scm-provider-hg\1.12.2\maven-scm-provider-hg-1.12.2.jar;C:\Users\mrharnati\.m2\repository\org\apache\maven\scm\maven-scm-provider-svnexe\1.12.2\maven-scm-provider-svnexe-1.12.2.jar;C:\Users\mrharnati\.m2\repository\org\apache\maven\scm\maven-scm-manager-plexus\1.12.2\maven-scm-manager-plexus-1.12.2.jar;C:\Users\mrharnati\.m2\repository\org\codehaus\plexus\plexus-container-default\1.0-alpha-9\plexus-container-default-1.0-alpha-9.jar;C:\Users\mrharnati\.m2\repository\junit\junit\3.8.1\junit-3.8.1.jar;C:\Users\mrharnati\.m2\repository\classworlds\classworlds\1.1-alpha-2\classworlds-1.1-alpha-2.jar;C:\Users\mrharnati\.m2\repository\org\apache\maven\scm\maven-scm-provider-svn-commons\1.12.2\maven-scm-provider-svn-commons-1.12.2.jar;C:\Users\mrharnati\.m2\repository\org\apache\maven\shared\maven-artifact-transfer\0.13.1\maven-artifact-transfer-0.13.1.jar;C:\Users\mrharnati\.m2\repository\org\apache\maven\maven-model\3.0\maven-model-3.0.jar;C:\Users\mrharnati\.m2\repository\org\apache\maven\maven-core\3.0\maven-core-3.0.jar;C:\Users\mrharnati\.m2\repository\org\apache\maven\maven-settings-builder\3.0\maven-settings-builder-3.0.jar;C:\Users\mrharnati\.m2\repository\org\apache\maven\maven-repository-metadata\3.0\maven-repository-metadata-3.0.jar;C:\Users\mrharnati\.m2\repository\org\apache\maven\maven-model-builder\3.0\maven-model-builder-3.0.jar;C:\Users\mrharnati\.m2\repository\org\apache\maven\maven-aether-provider\3.0\maven-aether-provider-3.0.jar;C:\Users\mrharnati\.m2\repository\org\sonatype\aether\aether-impl\1.7\aether-impl-1.7.jar;C:\Users\mrharnati\.m2\repository\org\sonatype\aether\aether-spi\1.7\aether-spi-1.7.jar;C:\Users\mrharnati\.m2\repository\org\sonatype\aether\aether-api\1.7\aether-api-1.7.jar;C:\Users\mrharnati\.m2\repository\org\sonatype\aether\aether-util\1.7\aether-util-1.7.jar;C:\Users\mrharnati\.m2\repository\org\codehaus\plexus\plexus-classworlds\2.2.3\plexus-classworlds-2.2.3.jar;C:\Users\mrharnati\.m2\repository\org\codehaus\plexus\plexus-component-annotations\1.5.5\plexus-component-annotations-1.5.5.jar;C:\Users\mrharnati\.m2\repository\org\apache\maven\maven-settings\3.0\maven-settings-3.0.jar;C:\Users\mrharnati\.m2\repository\org\apache\maven\scm\maven-scm-api\1.12.2\maven-scm-api-1.12.2.jar;C:\Users\mrharnati\.m2\repository\org\codehaus\plexus\plexus-utils\3.4.1\plexus-utils-3.4.1.jar;C:\Users\mrharnati\.m2\repository\org\jdom\jdom2\2.0.6\jdom2-2.0.6.jar;C:\Users\mrharnati\.m2\repository\org\apache\maven\plugins\maven-surefire-plugin\3.0.0-M6\maven-surefire-plugin-3.0.0-M6.jar;C:\Users\mrharnati\.m2\repository\org\apache\maven\surefire\maven-surefire-common\3.0.0-M6\maven-surefire-common-3.0.0-M6.jar;C:\Users\mrharnati\.m2\repository\org\apache\maven\surefire\surefire-api\3.0.0-M6\surefire-api-3.0.0-M6.jar;C:\Users\mrharnati\.m2\repository\org\apache\maven\surefire\surefire-logger-api\3.0.0-M6\surefire-logger-api-3.0.0-M6.jar;C:\Users\mrharnati\.m2\repository\org\apache\maven\surefire\surefire-extensions-api\3.0.0-M6\surefire-extensions-api-3.0.0-M6.jar;C:\Users\mrharnati\.m2\repository\org\apache\maven\surefire\surefire-booter\3.0.0-M6\surefire-booter-3.0.0-M6.jar;C:\Users\mrharnati\.m2\repository\org\apache\maven\surefire\surefire-extensions-spi\3.0.0-M6\surefire-extensions-spi-3.0.0-M6.jar;C:\Users\mrharnati\.m2\repository\org\apache\maven\shared\maven-common-artifact-filters\3.1.1\maven-common-artifact-filters-3.1.1.jar;C:\Users\mrharnati\.m2\repository\org\codehaus\plexus\plexus-java\1.1.1\plexus-java-1.1.1.jar;C:\Users\mrharnati\.m2\repository\org\ow2\asm\asm\9.2\asm-9.2.jar;C:\Users\mrharnati\.m2\repository\com\thoughtworks\qdox\qdox\2.0.1\qdox-2.0.1.jar;C:\Users\mrharnati\.m2\repository\org\apache\maven\surefire\surefire-shared-utils\3.0.0-M6\surefire-shared-utils-3.0.0-M6.jar;C:\Users\mrharnati\.m2\repository\org\testng\testng\7.5\testng-7.5.jar;C:\Users\mrharnati\.m2\repository\com\google\code\findbugs\jsr305\3.0.1\jsr305-3.0.1.jar;C:\Users\mrharnati\.m2\repository\org\slf4j\slf4j-api\1.7.32\slf4j-api-1.7.32.jar;C:\Users\mrharnati\.m2\repository\com\beust\jcommander\1.78\jcommander-1.78.jar;C:\Users\mrharnati\.m2\repository\org\webjars\jquery\3.5.1\jquery-3.5.1.jar;C:\Users\mrharnati\.m2\repository\org\apache\poi\poi\4.1.2\poi-4.1.2.jar;C:\Users\mrharnati\.m2\repository\commons-codec\commons-codec\1.13\commons-codec-1.13.jar;C:\Users\mrharnati\.m2\repository\org\apache\commons\commons-collections4\4.4\commons-collections4-4.4.jar;C:\Users\mrharnati\.m2\repository\org\apache\commons\commons-math3\3.6.1\commons-math3-3.6.1.jar;C:\Users\mrharnati\.m2\repository\com\zaxxer\SparseBitSet\1.2\SparseBitSet-1.2.jar;C:\Users\mrharnati\.m2\repository\org\apache\poi\poi-ooxml\4.1.2\poi-ooxml-4.1.2.jar;C:\Users\mrharnati\.m2\repository\org\apache\poi\poi-ooxml-schemas\4.1.2\poi-ooxml-schemas-4.1.2.jar;C:\Users\mrharnati\.m2\repository\org\apache\xmlbeans\xmlbeans\3.1.0\xmlbeans-3.1.0.jar;C:\Users\mrharnati\.m2\repository\org\apache\commons\commons-compress\1.19\commons-compress-1.19.jar;C:\Users\mrharnati\.m2\repository\com\github\virtuald\curvesapi\1.06\curvesapi-1.06.jar;C:\Users\mrharnati\.m2\repository\com\aventstack\extentreports\4.0.9\extentreports-4.0.9.jar;C:\Users\mrharnati\.m2\repository\org\freemarker\freemarker\2.3.23\freemarker-2.3.23.jar;C:\Users\mrharnati\.m2\repository\org\mongodb\mongodb-driver\3.3.0\mongodb-driver-3.3.0.jar;C:\Users\mrharnati\.m2\repository\org\mongodb\mongodb-driver-core\3.3.0\mongodb-driver-core-3.3.0.jar;C:\Users\mrharnati\.m2\repository\org\mongodb\bson\3.3.0\bson-3.3.0.jar;C:\Users\mrharnati\.m2\repository\org\apache\httpcomponents\httpclient\4.5.2\httpclient-4.5.2.jar;C:\Users\mrharnati\.m2\repository\org\apache\httpcomponents\httpcore\4.4.4\httpcore-4.4.4.jar;C:\Users\mrharnati\.m2\repository\commons-logging\commons-logging\1.2\commons-logging-1.2.jar;C:\Users\mrharnati\.m2\repository\org\apache\httpcomponents\httpmime\4.5.2\httpmime-4.5.2.jar;C:\Users\mrharnati\.m2\repository\com\google\code\gson\gson\2.8.5\gson-2.8.5.jar;C:\Users\mrharnati\.m2\repository\commons-io\commons-io\2.6\commons-io-2.6.jar;C:\Users\mrharnati\.m2\repository\log4j\log4j\1.2.17\log4j-1.2.17.jar;C:\Users\mrharnati\.m2\repository\com\github\javafaker\javafaker\0.15\javafaker-0.15.jar;C:\Users\mrharnati\.m2\repository\org\apache\commons\commons-lang3\3.5\commons-lang3-3.5.jar;C:\Users\mrharnati\.m2\repository\org\yaml\snakeyaml\1.20\snakeyaml-1.20-android.jar;C:\Users\mrharnati\.m2\repository\com\github\mifmif\generex\1.0.2\generex-1.0.2.jar;C:\Users\mrharnati\.m2\repository\dk\brics\automaton\automaton\1.11-8\automaton-1.11-8.jar;C:\Users\mrharnati\.m2\repository\com\github\stephenc\monte\monte-screen-recorder\0.7.7.0\monte-screen-recorder-0.7.7.0.jar;C:\Users\mrharnati\.m2\repository\org\decimal4j\decimal4j\1.0.3\decimal4j-1.0.3.jar;C:\Users\mrharnati\.m2\repository\io\github\bonigarcia\webdrivermanager\4.0.0\webdrivermanager-4.0.0.jar;C:\Users\mrharnati\.m2\repository\org\apache\httpcomponents\client5\httpclient5\5.0\httpclient5-5.0.jar;C:\Users\mrharnati\.m2\repository\org\apache\httpcomponents\core5\httpcore5\5.0\httpcore5-5.0.jar;C:\Users\mrharnati\.m2\repository\org\apache\httpcomponents\core5\httpcore5-h2\5.0\httpcore5-h2-5.0.jar;C:\Users\mrharnati\.m2\repository\org\rauschig\jarchivelib\1.0.0\jarchivelib-1.0.0.jar;C:\Users\mrharnati\.m2\repository\org\jsoup\jsoup\1.13.1\jsoup-1.13.1.jar;"/>
    <property name="sun.cpu.endian" value="little"/>
    <property name="user.home" value="C:\Users\mrharnati"/>
    <property name="user.language" value="fr"/>
    <property name="java.specification.vendor" value="Oracle Corporation"/>
    <property name="java.version.date" value="2021-10-19"/>
    <property name="java.home" value="C:\tools\jdk-11.0.13"/>
    <property name="file.separator" value="\"/>
    <property name="basedir" value="C:\Users\mrharnati\Desktop\AUTOMATION_WORKSPACE\TestFrontApp"/>
    <property name="java.vm.compressedOopsMode" value="Zero based"/>
    <property name="line.separator" value="&#10;"/>
    <property name="java.specification.name" value="Java Platform API Specification"/>
    <property name="java.vm.specification.vendor" value="Oracle Corporation"/>
    <property name="java.awt.graphicsenv" value="sun.awt.Win32GraphicsEnvironment"/>
    <property name="surefire.real.class.path" value="C:\Users\mrharnati\AppData\Local\Temp\surefire18311664588896775751\surefirebooter15569725423137831573.jar"/>
    <property name="user.script" value=""/>
    <property name="sun.management.compiler" value="HotSpot 64-Bit Tiered Compilers"/>
    <property name="java.runtime.version" value="11.0.13+10-LTS-370"/>
    <property name="user.name" value="mrharnati"/>
    <property name="path.separator" value=";"/>
    <property name="os.version" value="10.0"/>
    <property name="java.runtime.name" value="Java(TM) SE Runtime Environment"/>
    <property name="file.encoding" value="Cp1252"/>
    <property name="java.vm.name" value="Java HotSpot(TM) 64-Bit Server VM"/>
    <property name="java.vendor.version" value="18.9"/>
    <property name="localRepository" value="C:\Users\mrharnati\.m2\repository"/>
    <property name="java.vendor.url.bug" value="https://bugreport.java.com/bugreport/"/>
    <property name="java.io.tmpdir" value="C:\Users\MRHARN~1\AppData\Local\Temp\"/>
    <property name="java.version" value="11.0.13"/>
    <property name="user.dir" value="C:\Users\mrharnati\Desktop\AUTOMATION_WORKSPACE\TestFrontApp"/>
    <property name="os.arch" value="amd64"/>
    <property name="java.vm.specification.name" value="Java Virtual Machine Specification"/>
    <property name="appURL" value=""/>
    <property name="java.awt.printerjob" value="sun.awt.windows.WPrinterJob"/>
    <property name="sun.os.patch.level" value=""/>
    <property name="java.library.path" value="C:\tools\jdk-11.0.13\bin;C:\Windows\Sun\Java\bin;C:\Windows\system32;C:\Windows;C:\Windows\system32;C:\Windows;C:\Windows\System32\Wbem;C:\Windows\System32\WindowsPowerShell\v1.0\;C:\Windows\System32\OpenSSH\;C:\tools\jdk-11.0.13\bin;C:\Program Files\Git\cmd;C:\tools\apache-ant-1.10.11-bin\apache-ant-1.10.11\bin;C:\tools\apache-maven-3.8.5\bin;C:\Program Files\dotnet\;C:\Program Files\nodejs\;C:\Users\mrharnati\AppData\Local\Microsoft\WindowsApps;C:\Users\mrharnati\AppData\Local\Programs\Microsoft VS Code\bin;C:\Users\mrharnati\AppData\Roaming\npm;."/>
    <property name="java.vendor" value="Oracle Corporation"/>
    <property name="java.vm.info" value="mixed mode"/>
    <property name="java.vm.version" value="11.0.13+10-LTS-370"/>
    <property name="sun.io.unicode.encoding" value="UnicodeLittle"/>
    <property name="java.class.version" value="55.0"/>
  </properties>
  <testcase name="emptyLogin" classname="com.AppMovies.testcases.LoginPageTest" time="0.835"/>
  <testcase name="invalidEnter" classname="com.AppMovies.testcases.LoginPageTest" time="1.734"/>
  <testcase name="login" classname="com.AppMovies.testcases.LoginPageTest" time="1.693"/>
  <testcase name="loginTextDisplayed" classname="com.AppMovies.testcases.LoginPageTest" time="0.47"/>
  <testcase name="toRegister" classname="com.AppMovies.testcases.LoginPageTest" time="0.73"/>
  <testcase name="InvaliedRegister" classname="com.AppMovies.testcases.RegisterPageTest" time="3.758"/>
  <testcase name="addUser" classname="com.AppMovies.testcases.RegisterPageTest" time="3.69"/>
  <testcase name="confirmPassword" classname="com.AppMovies.testcases.RegisterPageTest" time="3.704"/>
  <testcase name="goToLogin" classname="com.AppMovies.testcases.RegisterPageTest" time="0.908"/>
  <testcase name="clickOnMovieCard" classname="com.AppMovies.testcases.MoviesPageTest" time="1.739"/>
  <testcase name="imageCardMovieIsDispalyed" classname="com.AppMovies.testcases.MoviesPageTest" time="4.235"/>
  <testcase name="movieCardIsDisplayed" classname="com.AppMovies.testcases.MoviesPageTest" time="1.538"/>
  <testcase name="officialRatingMovieIsDispalyed" classname="com.AppMovies.testcases.MoviesPageTest" time="1.727"/>
  <testcase name="searchAvalaibleMovie" classname="com.AppMovies.testcases.MoviesPageTest" time="2.12"/>
  <testcase name="searchInvalaibleMovie" classname="com.AppMovies.testcases.MoviesPageTest" time="11.803"/>
  <testcase name="titleCardMovieIsDispalyed" classname="com.AppMovies.testcases.MoviesPageTest" time="1.573"/>
  <testcase name="backToAllMovies" classname="com.AppMovies.testcases.MovieDetailsPageTest" time="1.985"/>
  <testcase name="clickOnRatingBtn" classname="com.AppMovies.testcases.MovieDetailsPageTest" time="2.897"/>
  <testcase name="descDisplayed" classname="com.AppMovies.testcases.MovieDetailsPageTest" time="1.913"/>
  <testcase name="goToMyProfile" classname="com.AppMovies.testcases.MovieDetailsPageTest" time="2.03"/>
  <testcase name="inputElementEnabled" classname="com.AppMovies.testcases.MovieDetailsPageTest" time="2.402"/>
  <testcase name="sendEmptyRatingorInvalid" classname="com.AppMovies.testcases.MovieDetailsPageTest" time="2.271"/>
  <testcase name="sendRatingSucces" classname="com.AppMovies.testcases.MovieDetailsPageTest" time="2.341"/>
  <testcase name="cancelRemoveMovie" classname="com.AppMovies.testcases.MyProfilePageTest" time="3.038"/>
  <testcase name="goToLoginPage" classname="com.AppMovies.testcases.MyProfilePageTest" time="0.695"/>
  <testcase name="imageMovieIsDisplayed" classname="com.AppMovies.testcases.MyProfilePageTest" time="3.538"/>
  <testcase name="isMovieCardDsiplayed" classname="com.AppMovies.testcases.MyProfilePageTest" time="3.626"/>
  <testcase name="pageProfileDisplayed" classname="com.AppMovies.testcases.MyProfilePageTest" time="0.503"/>
  <testcase name="removeMovieSuccess" classname="com.AppMovies.testcases.MyProfilePageTest" time="11.586">
    <failure message="java.lang.reflect.InvocationTargetException&#10;Build info: version: &apos;3.141.59&apos;, revision: &apos;e82be7d358&apos;, time: &apos;2018-11-14T08:17:03&apos;&#10;System info: host: &apos;RAB66FVSG3&apos;, ip: &apos;192.168.1.116&apos;, os.name: &apos;Windows 10&apos;, os.arch: &apos;amd64&apos;, os.version: &apos;10.0&apos;, java.version: &apos;11.0.13&apos;&#10;Driver info: driver.version: RemoteWebDriver" type="org.openqa.selenium.json.JsonException"><![CDATA[org.openqa.selenium.json.JsonException: 
java.lang.reflect.InvocationTargetException
Build info: version: '3.141.59', revision: 'e82be7d358', time: '2018-11-14T08:17:03'
System info: host: 'RAB66FVSG3', ip: '192.168.1.116', os.name: 'Windows 10', os.arch: 'amd64', os.version: '10.0', java.version: '11.0.13'
Driver info: driver.version: RemoteWebDriver
	at com.AppMovies.testcases.MyProfilePageTest.removeMovieSuccess(MyProfilePageTest.java:60)
Caused by: java.lang.reflect.InvocationTargetException
	at com.AppMovies.testcases.MyProfilePageTest.removeMovieSuccess(MyProfilePageTest.java:60)
Caused by: org.openqa.selenium.NoSuchElementException: 
no such element: Unable to locate element: {"method":"css selector","selector":".swal2\-confirm"}
  (Session info: chrome=101.0.4951.54)
For documentation on this error, please visit: https://www.seleniumhq.org/exceptions/no_such_element.html
Build info: version: '3.141.59', revision: 'e82be7d358', time: '2018-11-14T08:17:03'
System info: host: 'RAB66FVSG3', ip: '192.168.1.116', os.name: 'Windows 10', os.arch: 'amd64', os.version: '10.0', java.version: '11.0.13'
Driver info: org.openqa.selenium.chrome.ChromeDriver
Capabilities {acceptInsecureCerts: false, browserName: chrome, browserVersion: 101.0.4951.54, chrome: {chromedriverVersion: 101.0.4951.41 (93c720db8323..., userDataDir: C:\Users\MRHARN~1\AppData\L...}, goog:chromeOptions: {debuggerAddress: localhost:58958}, javascriptEnabled: true, networkConnectionEnabled: false, pageLoadStrategy: normal, platform: WINDOWS, platformName: WINDOWS, proxy: Proxy(), setWindowRect: true, strictFileInteractability: false, timeouts: {implicit: 0, pageLoad: 300000, script: 30000}, unhandledPromptBehavior: dismiss and notify, webauthn:extension:credBlob: true, webauthn:extension:largeBlob: true, webauthn:virtualAuthenticators: true}
Session ID: 1786d10be3bf7a60c3d2c5f5fdb89475
*** Element info: {Using=class name, value=swal2-confirm}
	at com.AppMovies.testcases.MyProfilePageTest.removeMovieSuccess(MyProfilePageTest.java:60)
]]></failure>
    <system-out><![CDATA[Successfully entered value
Successfully entered value
]]></system-out>
    <system-err><![CDATA[Starting ChromeDriver 101.0.4951.41 (93c720db8323b3ec10d056025ab95c23a31997c9-refs/branch-heads/4951@{#904}) on port 7348
Only local connections are allowed.
Please see https://chromedriver.chromium.org/security-considerations for suggestions on keeping ChromeDriver safe.
ChromeDriver was started successfully.
May 13, 2022 3:30:18 PM org.openqa.selenium.remote.ProtocolHandshake createSession
INFO: Detected dialect: W3C
]]></system-err>
  </testcase>
  <testcase name="startRatingIsDisplayed" classname="com.AppMovies.testcases.MyProfilePageTest" time="1.179">
    <failure message="expected [true] but found [false]" type="java.lang.AssertionError"><![CDATA[java.lang.AssertionError: expected [true] but found [false]
	at com.AppMovies.testcases.MyProfilePageTest.startRatingIsDisplayed(MyProfilePageTest.java:124)
]]></failure>
    <system-out><![CDATA[Successfully entered value
Successfully entered value
Successfully Found element at
The element is Displayed
]]></system-out>
    <system-err><![CDATA[Starting ChromeDriver 101.0.4951.41 (93c720db8323b3ec10d056025ab95c23a31997c9-refs/branch-heads/4951@{#904}) on port 41407
Only local connections are allowed.
Please see https://chromedriver.chromium.org/security-considerations for suggestions on keeping ChromeDriver safe.
ChromeDriver was started successfully.
May 13, 2022 3:30:35 PM org.openqa.selenium.remote.ProtocolHandshake createSession
INFO: Detected dialect: W3C
]]></system-err>
  </testcase>
  <testcase name="titleMovieIsDisplayed" classname="com.AppMovies.testcases.MyProfilePageTest" time="1.314"/>
  <testcase name="updateUserRating" classname="com.AppMovies.testcases.MyProfilePageTest" time="16.222">
    <failure message="no such element: Unable to locate element: {&quot;method&quot;:&quot;css selector&quot;,&quot;selector&quot;:&quot;.mat\-card\-title&quot;}&#10;  (Session info: chrome=101.0.4951.54)&#10;For documentation on this error, please visit: https://www.seleniumhq.org/exceptions/no_such_element.html&#10;Build info: version: &apos;3.141.59&apos;, revision: &apos;e82be7d358&apos;, time: &apos;2018-11-14T08:17:03&apos;&#10;System info: host: &apos;RAB66FVSG3&apos;, ip: &apos;192.168.1.116&apos;, os.name: &apos;Windows 10&apos;, os.arch: &apos;amd64&apos;, os.version: &apos;10.0&apos;, java.version: &apos;11.0.13&apos;&#10;Driver info: org.openqa.selenium.chrome.ChromeDriver&#10;Capabilities {acceptInsecureCerts: false, browserName: chrome, browserVersion: 101.0.4951.54, chrome: {chromedriverVersion: 101.0.4951.41 (93c720db8323..., userDataDir: C:\Users\MRHARN~1\AppData\L...}, goog:chromeOptions: {debuggerAddress: localhost:59100}, javascriptEnabled: true, networkConnectionEnabled: false, pageLoadStrategy: normal, platform: WINDOWS, platformName: WINDOWS, proxy: Proxy(), setWindowRect: true, strictFileInteractability: false, timeouts: {implicit: 0, pageLoad: 300000, script: 30000}, unhandledPromptBehavior: dismiss and notify, webauthn:extension:credBlob: true, webauthn:extension:largeBlob: true, webauthn:virtualAuthenticators: true}&#10;Session ID: 50b63dfdfc1e631e9bb3c63b3fc8706e&#10;*** Element info: {Using=class name, value=mat-card-title}" type="org.openqa.selenium.NoSuchElementException"><![CDATA[org.openqa.selenium.NoSuchElementException: 
no such element: Unable to locate element: {"method":"css selector","selector":".mat\-card\-title"}
  (Session info: chrome=101.0.4951.54)
For documentation on this error, please visit: https://www.seleniumhq.org/exceptions/no_such_element.html
Build info: version: '3.141.59', revision: 'e82be7d358', time: '2018-11-14T08:17:03'
System info: host: 'RAB66FVSG3', ip: '192.168.1.116', os.name: 'Windows 10', os.arch: 'amd64', os.version: '10.0', java.version: '11.0.13'
Driver info: org.openqa.selenium.chrome.ChromeDriver
Capabilities {acceptInsecureCerts: false, browserName: chrome, browserVersion: 101.0.4951.54, chrome: {chromedriverVersion: 101.0.4951.41 (93c720db8323..., userDataDir: C:\Users\MRHARN~1\AppData\L...}, goog:chromeOptions: {debuggerAddress: localhost:59100}, javascriptEnabled: true, networkConnectionEnabled: false, pageLoadStrategy: normal, platform: WINDOWS, platformName: WINDOWS, proxy: Proxy(), setWindowRect: true, strictFileInteractability: false, timeouts: {implicit: 0, pageLoad: 300000, script: 30000}, unhandledPromptBehavior: dismiss and notify, webauthn:extension:credBlob: true, webauthn:extension:largeBlob: true, webauthn:virtualAuthenticators: true}
Session ID: 50b63dfdfc1e631e9bb3c63b3fc8706e
*** Element info: {Using=class name, value=mat-card-title}
	at com.AppMovies.testcases.MyProfilePageTest.updateUserRating(MyProfilePageTest.java:104)
]]></failure>
    <system-out><![CDATA[Successfully entered value
Successfully entered value
Successfully Found element at
The element is Displayed
Successfully entered value
]]></system-out>
    <system-err><![CDATA[Starting ChromeDriver 101.0.4951.41 (93c720db8323b3ec10d056025ab95c23a31997c9-refs/branch-heads/4951@{#904}) on port 10408
Only local connections are allowed.
Please see https://chromedriver.chromium.org/security-considerations for suggestions on keeping ChromeDriver safe.
ChromeDriver was started successfully.
May 13, 2022 3:30:47 PM org.openqa.selenium.remote.ProtocolHandshake createSession
INFO: Detected dialect: W3C
]]></system-err>
  </testcase>
  <testcase name="userRatingIsDisplayed" classname="com.AppMovies.testcases.MyProfilePageTest" time="1.17"/>
</testsuite>