<?xml version="1.0" encoding="UTF-8"?>
<!-- Generated by org.testng.reporters.JUnitReportReporter -->
<testsuite hostname="RAB66FVSG3" failures="0" tests="5" name="com.AppMovies.testcases.LoginPageTest" time="22.905" errors="0" timestamp="2022-05-13T15:31:15 WEST" skipped="0">
  <testcase classname="com.AppMovies.testcases.LoginPageTest" name="emptyLogin" time="4.019"/>
  <system-out/>
  <testcase classname="com.AppMovies.testcases.LoginPageTest" name="invalidEnter" time="5.576"/>
  <system-out/>
  <testcase classname="com.AppMovies.testcases.LoginPageTest" name="loginTextDisplayed" time="4.020"/>
  <system-out/>
  <testcase classname="com.AppMovies.testcases.LoginPageTest" name="toRegister" time="4.227"/>
  <system-out/>
  <testcase classname="com.AppMovies.testcases.LoginPageTest" name="login" time="5.063"/>
  <system-out/>
</testsuite> <!-- com.AppMovies.testcases.LoginPageTest -->
