<?xml version="1.0" encoding="UTF-8"?>
<!-- Generated by org.testng.reporters.JUnitReportReporter -->
<testsuite hostname="RAB66FVSG3" failures="0" tests="4" name="com.AppMovies.testcases.RegisterPageTest" time="25.581" errors="0" timestamp="2022-05-13T15:31:15 WEST" skipped="0">
  <testcase classname="com.AppMovies.testcases.RegisterPageTest" name="confirmPassword" time="6.879"/>
  <system-out/>
  <testcase classname="com.AppMovies.testcases.RegisterPageTest" name="goToLogin" time="4.725"/>
  <system-out/>
  <testcase classname="com.AppMovies.testcases.RegisterPageTest" name="addUser" time="7.055"/>
  <system-out/>
  <testcase classname="com.AppMovies.testcases.RegisterPageTest" name="InvaliedRegister" time="6.922"/>
  <system-out/>
</testsuite> <!-- com.AppMovies.testcases.RegisterPageTest -->
