<?xml version="1.0" encoding="UTF-8"?>
<!-- Generated by org.testng.reporters.JUnitReportReporter -->
<testsuite hostname="RAB66FVSG3" failures="0" tests="7" name="com.AppMovies.testcases.MoviesPageTest" time="59.162" errors="0" timestamp="2022-05-13T15:31:15 WEST" skipped="0">
  <testcase classname="com.AppMovies.testcases.MoviesPageTest" name="searchInvalaibleMovie" time="16.364"/>
  <system-out/>
  <testcase classname="com.AppMovies.testcases.MoviesPageTest" name="movieCardIsDisplayed" time="6.628"/>
  <system-out/>
  <testcase classname="com.AppMovies.testcases.MoviesPageTest" name="searchAvalaibleMovie" time="7.333"/>
  <system-out/>
  <testcase classname="com.AppMovies.testcases.MoviesPageTest" name="clickOnMovieCard" time="6.629"/>
  <system-out/>
  <testcase classname="com.AppMovies.testcases.MoviesPageTest" name="officialRatingMovieIsDispalyed" time="6.763"/>
  <system-out/>
  <testcase classname="com.AppMovies.testcases.MoviesPageTest" name="imageCardMovieIsDispalyed" time="9.064"/>
  <system-out/>
  <testcase classname="com.AppMovies.testcases.MoviesPageTest" name="titleCardMovieIsDispalyed" time="6.381"/>
  <system-out/>
</testsuite> <!-- com.AppMovies.testcases.MoviesPageTest -->
