<?xml version="1.0" encoding="UTF-8"?>
<!-- Generated by org.testng.reporters.JUnitReportReporter -->
<testsuite hostname="RAB66FVSG3" failures="0" tests="7" name="com.AppMovies.testcases.MovieDetailsPageTest" time="48.297" errors="0" timestamp="2022-05-13T15:31:15 WEST" skipped="0">
  <testcase classname="com.AppMovies.testcases.MovieDetailsPageTest" name="backToAllMovies" time="7.182"/>
  <system-out/>
  <testcase classname="com.AppMovies.testcases.MovieDetailsPageTest" name="goToMyProfile" time="7.000"/>
  <system-out/>
  <testcase classname="com.AppMovies.testcases.MovieDetailsPageTest" name="sendRatingSucces" time="6.838"/>
  <system-out/>
  <testcase classname="com.AppMovies.testcases.MovieDetailsPageTest" name="descDisplayed" time="6.434"/>
  <system-out/>
  <testcase classname="com.AppMovies.testcases.MovieDetailsPageTest" name="inputElementEnabled" time="6.785"/>
  <system-out/>
  <testcase classname="com.AppMovies.testcases.MovieDetailsPageTest" name="sendEmptyRatingorInvalid" time="7.035"/>
  <system-out/>
  <testcase classname="com.AppMovies.testcases.MovieDetailsPageTest" name="clickOnRatingBtn" time="7.023"/>
  <system-out/>
</testsuite> <!-- com.AppMovies.testcases.MovieDetailsPageTest -->
